TN:
SF:server.js
FN:15,(anonymous_0)
FN:20,(anonymous_1)
FN:46,(anonymous_2)
FN:79,(anonymous_3)
FNF:4
FNH:2
FNDA:0,(anonymous_0)
FNDA:2,(anonymous_1)
FNDA:2,(anonymous_2)
FNDA:0,(anonymous_3)
DA:1,1
DA:2,1
DA:3,1
DA:4,1
DA:5,1
DA:6,1
DA:8,1
DA:9,1
DA:10,1
DA:12,1
DA:15,1
DA:16,0
DA:20,1
DA:21,2
DA:22,2
DA:23,1
DA:26,1
DA:27,1
DA:28,1
DA:29,0
DA:32,1
DA:33,1
DA:39,1
DA:41,0
DA:46,1
DA:47,2
DA:48,2
DA:49,0
DA:52,2
DA:53,2
DA:54,2
DA:55,0
DA:58,2
DA:59,2
DA:60,2
DA:61,1
DA:64,1
DA:70,1
DA:72,0
DA:77,1
DA:78,0
DA:79,0
DA:80,0
DA:84,1
LF:44
LH:35
BRDA:12,0,0,1
BRDA:12,0,1,0
BRDA:22,1,0,1
BRDA:22,1,1,1
BRDA:22,2,0,2
BRDA:22,2,1,2
BRDA:28,3,0,0
BRDA:28,3,1,1
BRDA:48,4,0,0
BRDA:48,4,1,2
BRDA:48,5,0,2
BRDA:48,5,1,2
BRDA:54,6,0,0
BRDA:54,6,1,2
BRDA:60,7,0,1
BRDA:60,7,1,1
BRDA:77,8,0,0
BRDA:77,8,1,1
BRDA:78,9,0,0
BRDA:78,9,1,0
BRF:20
BRH:13
end_of_record
TN:
SF:config\db.js
FNF:0
FNH:0
DA:1,1
DA:2,1
DA:4,1
DA:14,1
LF:4
LH:4
BRDA:5,0,0,1
BRDA:5,0,1,0
BRDA:6,1,0,1
BRDA:6,1,1,0
BRDA:7,2,0,1
BRDA:7,2,1,0
BRDA:8,3,0,1
BRDA:8,3,1,0
BRF:8
BRH:4
end_of_record
