TN:
SF:server.js
FN:17,(anonymous_0)
FN:44,(anonymous_1)
FN:47,(anonymous_2)
FN:72,(anonymous_3)
FNF:4
FNH:3
FNDA:2,(anonymous_0)
FNDA:2,(anonymous_1)
FNDA:2,(anonymous_2)
FNDA:0,(anonymous_3)
DA:1,1
DA:2,1
DA:3,1
DA:4,1
DA:6,1
DA:7,1
DA:8,1
DA:11,1
DA:14,1
DA:17,1
DA:18,2
DA:20,2
DA:21,1
DA:25,1
DA:26,1
DA:29,1
DA:31,1
DA:39,1
DA:40,1
DA:44,1
DA:45,2
DA:47,2
DA:48,2
DA:49,0
DA:53,2
DA:54,2
DA:55,1
DA:59,1
DA:65,1
DA:69,1
DA:70,1
DA:71,0
DA:72,0
DA:73,0
DA:77,1
LF:35
LH:31
BRDA:20,0,0,1
BRDA:20,0,1,1
BRDA:20,1,0,2
BRDA:20,1,1,2
BRDA:29,2,0,0
BRDA:29,2,1,1
BRDA:48,3,0,0
BRDA:48,3,1,2
BRDA:54,4,0,1
BRDA:54,4,1,1
BRDA:70,5,0,0
BRDA:70,5,1,1
BRF:12
BRH:9
end_of_record
