<?xml version="1.0" encoding="UTF-8"?>
<coverage generated="1790025463421" clover="3.2.0">
  <project timestamp="1790025463422" name="All files">
    <metrics statements="89" coveredstatements="77" conditionals="36" coveredconditionals="29" methods="12" coveredmethods="9" elements="137" coveredelements="115" complexity="0" loc="89" ncloc="89" packages="1" files="1" classes="1"/>
    <file name="server.js" path="C:\Users\alana\OneDrive\Desktop\PROYECTO_FINAL_ING_SOFT\server.js">
      <metrics statements="89" coveredstatements="77" conditionals="36" coveredconditionals="29" methods="12" coveredmethods="9"/>
      <line num="1" count="1" type="stmt"/>
      <line num="2" count="1" type="stmt"/>
      <line num="3" count="1" type="stmt"/>
      <line num="4" count="1" type="stmt"/>
      <line num="5" count="1" type="stmt"/>
      <line num="6" count="1" type="stmt"/>
      <line num="7" count="1" type="stmt"/>
      <line num="9" count="1" type="stmt"/>
      <line num="10" count="1" type="cond" truecount="2" falsecount="0"/>
      <line num="12" count="1" type="stmt"/>
      <line num="13" count="1" type="stmt"/>
      <line num="16" count="1" type="stmt"/>
      <line num="20" count="0" type="stmt"/>
      <line num="21" count="0" type="stmt"/>
      <line num="22" count="0" type="stmt"/>
      <line num="26" count="1" type="stmt"/>
      <line num="34" count="1" type="stmt"/>
      <line num="36" count="1" type="stmt"/>
      <line num="37" count="7" type="stmt"/>
      <line num="38" count="7" type="cond" truecount="2" falsecount="0"/>
      <line num="39" count="7" type="cond" truecount="2" falsecount="0"/>
      <line num="40" count="6" type="cond" truecount="2" falsecount="0"/>
      <line num="41" count="6" type="cond" truecount="2" falsecount="0"/>
      <line num="42" count="5" type="stmt"/>
      <line num="43" count="5" type="stmt"/>
      <line num="47" count="1" type="stmt"/>
      <line num="48" count="3" type="stmt"/>
      <line num="49" count="3" type="stmt"/>
      <line num="50" count="3" type="cond" truecount="4" falsecount="0"/>
      <line num="51" count="2" type="stmt"/>
      <line num="52" count="2" type="stmt"/>
      <line num="53" count="1" type="stmt"/>
      <line num="55" count="1" type="cond" truecount="1" falsecount="1"/>
      <line num="56" count="0" type="stmt"/>
      <line num="60" count="1" type="stmt"/>
      <line num="61" count="2" type="stmt"/>
      <line num="62" count="2" type="stmt"/>
      <line num="63" count="2" type="stmt"/>
      <line num="64" count="2" type="cond" truecount="1" falsecount="1"/>
      <line num="65" count="2" type="stmt"/>
      <line num="66" count="2" type="cond" truecount="2" falsecount="0"/>
      <line num="67" count="1" type="cond" truecount="3" falsecount="1"/>
      <line num="68" count="1" type="stmt"/>
      <line num="70" count="0" type="stmt"/>
      <line num="74" count="1" type="stmt"/>
      <line num="75" count="1" type="stmt"/>
      <line num="76" count="1" type="stmt"/>
      <line num="77" count="1" type="stmt"/>
      <line num="78" count="1" type="stmt"/>
      <line num="79" count="1" type="stmt"/>
      <line num="80" count="1" type="stmt"/>
      <line num="82" count="0" type="stmt"/>
      <line num="86" count="1" type="stmt"/>
      <line num="87" count="1" type="stmt"/>
      <line num="88" count="1" type="stmt"/>
      <line num="89" count="1" type="cond" truecount="1" falsecount="1"/>
      <line num="90" count="1" type="stmt"/>
      <line num="92" count="0" type="stmt"/>
      <line num="96" count="1" type="stmt"/>
      <line num="97" count="2" type="stmt"/>
      <line num="98" count="2" type="stmt"/>
      <line num="99" count="2" type="stmt"/>
      <line num="100" count="2" type="stmt"/>
      <line num="101" count="2" type="stmt"/>
      <line num="103" count="2" type="stmt"/>
      <line num="104" count="2" type="cond" truecount="1" falsecount="1"/>
      <line num="105" count="2" type="cond" truecount="2" falsecount="0"/>
      <line num="107" count="1" type="stmt"/>
      <line num="108" count="1" type="stmt"/>
      <line num="111" count="1" type="stmt"/>
      <line num="113" count="0" type="stmt"/>
      <line num="117" count="1" type="stmt"/>
      <line num="118" count="1" type="stmt"/>
      <line num="119" count="1" type="stmt"/>
      <line num="120" count="1" type="stmt"/>
      <line num="121" count="1" type="cond" truecount="1" falsecount="1"/>
      <line num="123" count="1" type="stmt"/>
      <line num="124" count="1" type="stmt"/>
      <line num="126" count="0" type="stmt"/>
      <line num="130" count="1" type="stmt"/>
      <line num="131" count="1" type="stmt"/>
      <line num="132" count="1" type="stmt"/>
      <line num="133" count="1" type="stmt"/>
      <line num="135" count="0" type="stmt"/>
      <line num="139" count="1" type="stmt"/>
      <line num="140" count="0" type="stmt"/>
      <line num="143" count="1" type="cond" truecount="1" falsecount="1"/>
      <line num="144" count="0" type="stmt"/>
      <line num="146" count="1" type="stmt"/>
    </file>
  </project>
</coverage>
