{"C:\\Users\\PC\\OneDrive\\Desktop\\galaga_project\\server.js": {"path":"C:\\Users\\PC\\OneDrive\\Desktop\\galaga_project\\server.js","statementMap":{"0":{"start":{"line":1,"column":16},"end":{"line":1,"column":34}},"1":{"start":{"line":2,"column":13},"end":{"line":2,"column":28}},"2":{"start":{"line":3,"column":14},"end":{"line":3,"column":39}},"3":{"start":{"line":4,"column":15},"end":{"line":4,"column":34}},"4":{"start":{"line":5,"column":12},"end":{"line":5,"column":35}},"5":{"start":{"line":6,"column":13},"end":{"line":6,"column":28}},"6":{"start":{"line":7,"column":0},"end":{"line":7,"column":27}},"7":{"start":{"line":9,"column":12},"end":{"line":9,"column":21}},"8":{"start":{"line":10,"column":13},"end":{"line":10,"column":37}},"9":{"start":{"line":12,"column":0},"end":{"line":12,"column":16}},"10":{"start":{"line":13,"column":0},"end":{"line":13,"column":24}},"11":{"start":{"line":16,"column":0},"end":{"line":16,"column":56}},"12":{"start":{"line":18,"column":17},"end":{"line":25,"column":1}},"13":{"start":{"line":26,"column":13},"end":{"line":26,"column":39}},"14":{"start":{"line":28,"column":26},"end":{"line":37,"column":1}},"15":{"start":{"line":29,"column":23},"end":{"line":29,"column":51}},"16":{"start":{"line":30,"column":18},"end":{"line":30,"column":56}},"17":{"start":{"line":31,"column":4},"end":{"line":31,"column":75}},"18":{"start":{"line":31,"column":16},"end":{"line":31,"column":75}},"19":{"start":{"line":32,"column":4},"end":{"line":36,"column":7}},"20":{"start":{"line":33,"column":8},"end":{"line":33,"column":75}},"21":{"start":{"line":33,"column":17},"end":{"line":33,"column":75}},"22":{"start":{"line":34,"column":8},"end":{"line":34,"column":24}},"23":{"start":{"line":35,"column":8},"end":{"line":35,"column":15}},"24":{"start":{"line":39,"column":0},"end":{"line":50,"column":3}},"25":{"start":{"line":40,"column":4},"end":{"line":49,"column":5}},"26":{"start":{"line":41,"column":39},"end":{"line":41,"column":47}},"27":{"start":{"line":42,"column":8},"end":{"line":42,"column":92}},"28":{"start":{"line":42,"column":36},"end":{"line":42,"column":92}},"29":{"start":{"line":43,"column":31},"end":{"line":43,"column":62}},"30":{"start":{"line":44,"column":8},"end":{"line":44,"column":111}},"31":{"start":{"line":45,"column":8},"end":{"line":45,"column":78}},"32":{"start":{"line":47,"column":8},"end":{"line":47,"column":122}},"33":{"start":{"line":47,"column":43},"end":{"line":47,"column":122}},"34":{"start":{"line":48,"column":8},"end":{"line":48,"column":58}},"35":{"start":{"line":52,"column":0},"end":{"line":64,"column":3}},"36":{"start":{"line":53,"column":4},"end":{"line":63,"column":5}},"37":{"start":{"line":54,"column":39},"end":{"line":54,"column":47}},"38":{"start":{"line":55,"column":23},"end":{"line":55,"column":95}},"39":{"start":{"line":56,"column":8},"end":{"line":56,"column":96}},"40":{"start":{"line":56,"column":31},"end":{"line":56,"column":96}},"41":{"start":{"line":57,"column":30},"end":{"line":57,"column":78}},"42":{"start":{"line":58,"column":8},"end":{"line":58,"column":93}},"43":{"start":{"line":58,"column":28},"end":{"line":58,"column":93}},"44":{"start":{"line":59,"column":22},"end":{"line":59,"column":190}},"45":{"start":{"line":60,"column":8},"end":{"line":60,"column":75}},"46":{"start":{"line":62,"column":8},"end":{"line":62,"column":58}},"47":{"start":{"line":66,"column":0},"end":{"line":76,"column":3}},"48":{"start":{"line":67,"column":4},"end":{"line":75,"column":5}},"49":{"start":{"line":68,"column":26},"end":{"line":68,"column":34}},"50":{"start":{"line":69,"column":28},"end":{"line":69,"column":50}},"51":{"start":{"line":70,"column":8},"end":{"line":70,"column":102}},"52":{"start":{"line":71,"column":8},"end":{"line":71,"column":106}},"53":{"start":{"line":72,"column":8},"end":{"line":72,"column":68}},"54":{"start":{"line":74,"column":8},"end":{"line":74,"column":58}},"55":{"start":{"line":78,"column":0},"end":{"line":86,"column":3}},"56":{"start":{"line":79,"column":4},"end":{"line":85,"column":5}},"57":{"start":{"line":80,"column":23},"end":{"line":80,"column":133}},"58":{"start":{"line":81,"column":8},"end":{"line":81,"column":87}},"59":{"start":{"line":81,"column":31},"end":{"line":81,"column":87}},"60":{"start":{"line":82,"column":8},"end":{"line":82,"column":38}},"61":{"start":{"line":84,"column":8},"end":{"line":84,"column":63}},"62":{"start":{"line":88,"column":0},"end":{"line":107,"column":3}},"63":{"start":{"line":89,"column":4},"end":{"line":106,"column":5}},"64":{"start":{"line":90,"column":36},"end":{"line":90,"column":44}},"65":{"start":{"line":91,"column":23},"end":{"line":91,"column":34}},"66":{"start":{"line":92,"column":23},"end":{"line":92,"column":104}},"67":{"start":{"line":93,"column":21},"end":{"line":93,"column":28}},"68":{"start":{"line":95,"column":27},"end":{"line":95,"column":54}},"69":{"start":{"line":96,"column":8},"end":{"line":96,"column":107}},"70":{"start":{"line":96,"column":44},"end":{"line":96,"column":107}},"71":{"start":{"line":97,"column":8},"end":{"line":97,"column":96}},"72":{"start":{"line":97,"column":31},"end":{"line":97,"column":96}},"73":{"start":{"line":99,"column":8},"end":{"line":99,"column":35}},"74":{"start":{"line":100,"column":8},"end":{"line":101,"column":61}},"75":{"start":{"line":103,"column":8},"end":{"line":103,"column":61}},"76":{"start":{"line":105,"column":8},"end":{"line":105,"column":65}},"77":{"start":{"line":109,"column":0},"end":{"line":120,"column":3}},"78":{"start":{"line":110,"column":4},"end":{"line":119,"column":5}},"79":{"start":{"line":111,"column":30},"end":{"line":111,"column":38}},"80":{"start":{"line":112,"column":23},"end":{"line":112,"column":102}},"81":{"start":{"line":113,"column":8},"end":{"line":113,"column":128}},"82":{"start":{"line":113,"column":65},"end":{"line":113,"column":128}},"83":{"start":{"line":115,"column":8},"end":{"line":115,"column":103}},"84":{"start":{"line":116,"column":8},"end":{"line":116,"column":60}},"85":{"start":{"line":118,"column":8},"end":{"line":118,"column":58}},"86":{"start":{"line":122,"column":0},"end":{"line":129,"column":3}},"87":{"start":{"line":123,"column":4},"end":{"line":128,"column":5}},"88":{"start":{"line":124,"column":23},"end":{"line":124,"column":148}},"89":{"start":{"line":125,"column":8},"end":{"line":125,"column":35}},"90":{"start":{"line":127,"column":8},"end":{"line":127,"column":50}},"91":{"start":{"line":132,"column":0},"end":{"line":134,"column":3}},"92":{"start":{"line":133,"column":4},"end":{"line":133,"column":63}},"93":{"start":{"line":137,"column":0},"end":{"line":139,"column":1}},"94":{"start":{"line":138,"column":4},"end":{"line":138,"column":98}},"95":{"start":{"line":138,"column":27},"end":{"line":138,"column":96}},"96":{"start":{"line":140,"column":0},"end":{"line":140,"column":21}}},"fnMap":{"0":{"name":"(anonymous_0)","decl":{"start":{"line":28,"column":26},"end":{"line":28,"column":27}},"loc":{"start":{"line":28,"column":46},"end":{"line":37,"column":1}},"line":28},"1":{"name":"(anonymous_1)","decl":{"start":{"line":32,"column":79},"end":{"line":32,"column":80}},"loc":{"start":{"line":32,"column":94},"end":{"line":36,"column":5}},"line":32},"2":{"name":"(anonymous_2)","decl":{"start":{"line":39,"column":26},"end":{"line":39,"column":27}},"loc":{"start":{"line":39,"column":46},"end":{"line":50,"column":1}},"line":39},"3":{"name":"(anonymous_3)","decl":{"start":{"line":52,"column":23},"end":{"line":52,"column":24}},"loc":{"start":{"line":52,"column":43},"end":{"line":64,"column":1}},"line":52},"4":{"name":"(anonymous_4)","decl":{"start":{"line":66,"column":42},"end":{"line":66,"column":43}},"loc":{"start":{"line":66,"column":62},"end":{"line":76,"column":1}},"line":66},"5":{"name":"(anonymous_5)","decl":{"start":{"line":78,"column":38},"end":{"line":78,"column":39}},"loc":{"start":{"line":78,"column":58},"end":{"line":86,"column":1}},"line":78},"6":{"name":"(anonymous_6)","decl":{"start":{"line":88,"column":41},"end":{"line":88,"column":42}},"loc":{"start":{"line":88,"column":61},"end":{"line":107,"column":1}},"line":88},"7":{"name":"(anonymous_7)","decl":{"start":{"line":109,"column":42},"end":{"line":109,"column":43}},"loc":{"start":{"line":109,"column":62},"end":{"line":120,"column":1}},"line":109},"8":{"name":"(anonymous_8)","decl":{"start":{"line":122,"column":28},"end":{"line":122,"column":29}},"loc":{"start":{"line":122,"column":48},"end":{"line":129,"column":1}},"line":122},"9":{"name":"(anonymous_9)","decl":{"start":{"line":132,"column":14},"end":{"line":132,"column":15}},"loc":{"start":{"line":132,"column":28},"end":{"line":134,"column":1}},"line":132},"10":{"name":"(anonymous_10)","decl":{"start":{"line":138,"column":21},"end":{"line":138,"column":22}},"loc":{"start":{"line":138,"column":27},"end":{"line":138,"column":96}},"line":138}},"branchMap":{"0":{"loc":{"start":{"line":10,"column":13},"end":{"line":10,"column":37}},"type":"binary-expr","locations":[{"start":{"line":10,"column":13},"end":{"line":10,"column":29}},{"start":{"line":10,"column":33},"end":{"line":10,"column":37}}],"line":10},"1":{"loc":{"start":{"line":20,"column":10},"end":{"line":20,"column":37}},"type":"binary-expr","locations":[{"start":{"line":20,"column":10},"end":{"line":20,"column":29}},{"start":{"line":20,"column":33},"end":{"line":20,"column":37}}],"line":20},"2":{"loc":{"start":{"line":30,"column":18},"end":{"line":30,"column":56}},"type":"binary-expr","locations":[{"start":{"line":30,"column":18},"end":{"line":30,"column":28}},{"start":{"line":30,"column":32},"end":{"line":30,"column":56}}],"line":30},"3":{"loc":{"start":{"line":31,"column":4},"end":{"line":31,"column":75}},"type":"if","locations":[{"start":{"line":31,"column":4},"end":{"line":31,"column":75}},{"start":{},"end":{}}],"line":31},"4":{"loc":{"start":{"line":32,"column":22},"end":{"line":32,"column":77}},"type":"binary-expr","locations":[{"start":{"line":32,"column":22},"end":{"line":32,"column":44}},{"start":{"line":32,"column":48},"end":{"line":32,"column":77}}],"line":32},"5":{"loc":{"start":{"line":33,"column":8},"end":{"line":33,"column":75}},"type":"if","locations":[{"start":{"line":33,"column":8},"end":{"line":33,"column":75}},{"start":{},"end":{}}],"line":33},"6":{"loc":{"start":{"line":42,"column":8},"end":{"line":42,"column":92}},"type":"if","locations":[{"start":{"line":42,"column":8},"end":{"line":42,"column":92}},{"start":{},"end":{}}],"line":42},"7":{"loc":{"start":{"line":42,"column":12},"end":{"line":42,"column":34}},"type":"binary-expr","locations":[{"start":{"line":42,"column":12},"end":{"line":42,"column":21}},{"start":{"line":42,"column":25},"end":{"line":42,"column":34}}],"line":42},"8":{"loc":{"start":{"line":47,"column":8},"end":{"line":47,"column":122}},"type":"if","locations":[{"start":{"line":47,"column":8},"end":{"line":47,"column":122}},{"start":{},"end":{}}],"line":47},"9":{"loc":{"start":{"line":56,"column":8},"end":{"line":56,"column":96}},"type":"if","locations":[{"start":{"line":56,"column":8},"end":{"line":56,"column":96}},{"start":{},"end":{}}],"line":56},"10":{"loc":{"start":{"line":58,"column":8},"end":{"line":58,"column":93}},"type":"if","locations":[{"start":{"line":58,"column":8},"end":{"line":58,"column":93}},{"start":{},"end":{}}],"line":58},"11":{"loc":{"start":{"line":59,"column":83},"end":{"line":59,"column":108}},"type":"binary-expr","locations":[{"start":{"line":59,"column":83},"end":{"line":59,"column":95}},{"start":{"line":59,"column":99},"end":{"line":59,"column":108}}],"line":59},"12":{"loc":{"start":{"line":59,"column":112},"end":{"line":59,"column":167}},"type":"binary-expr","locations":[{"start":{"line":59,"column":112},"end":{"line":59,"column":134}},{"start":{"line":59,"column":138},"end":{"line":59,"column":167}}],"line":59},"13":{"loc":{"start":{"line":81,"column":8},"end":{"line":81,"column":87}},"type":"if","locations":[{"start":{"line":81,"column":8},"end":{"line":81,"column":87}},{"start":{},"end":{}}],"line":81},"14":{"loc":{"start":{"line":96,"column":8},"end":{"line":96,"column":107}},"type":"if","locations":[{"start":{"line":96,"column":8},"end":{"line":96,"column":107}},{"start":{},"end":{}}],"line":96},"15":{"loc":{"start":{"line":97,"column":8},"end":{"line":97,"column":96}},"type":"if","locations":[{"start":{"line":97,"column":8},"end":{"line":97,"column":96}},{"start":{},"end":{}}],"line":97},"16":{"loc":{"start":{"line":113,"column":8},"end":{"line":113,"column":128}},"type":"if","locations":[{"start":{"line":113,"column":8},"end":{"line":113,"column":128}},{"start":{},"end":{}}],"line":113},"17":{"loc":{"start":{"line":137,"column":0},"end":{"line":139,"column":1}},"type":"if","locations":[{"start":{"line":137,"column":0},"end":{"line":139,"column":1}},{"start":{},"end":{}}],"line":137}},"s":{"0":1,"1":1,"2":1,"3":1,"4":1,"5":1,"6":1,"7":1,"8":1,"9":1,"10":1,"11":1,"12":1,"13":1,"14":1,"15":7,"16":7,"17":7,"18":1,"19":6,"20":6,"21":1,"22":5,"23":5,"24":1,"25":3,"26":3,"27":3,"28":1,"29":2,"30":2,"31":1,"32":1,"33":1,"34":0,"35":1,"36":2,"37":2,"38":2,"39":2,"40":0,"41":2,"42":2,"43":1,"44":1,"45":1,"46":0,"47":1,"48":1,"49":1,"50":1,"51":1,"52":1,"53":1,"54":0,"55":1,"56":1,"57":1,"58":1,"59":0,"60":1,"61":0,"62":1,"63":2,"64":2,"65":2,"66":2,"67":2,"68":2,"69":2,"70":0,"71":2,"72":1,"73":1,"74":1,"75":1,"76":0,"77":1,"78":1,"79":1,"80":1,"81":1,"82":0,"83":1,"84":1,"85":0,"86":1,"87":1,"88":1,"89":1,"90":0,"91":1,"92":0,"93":1,"94":0,"95":0,"96":1},"f":{"0":7,"1":6,"2":3,"3":2,"4":1,"5":1,"6":2,"7":1,"8":1,"9":0,"10":0},"b":{"0":[1,1],"1":[1,1],"2":[7,6],"3":[1,6],"4":[6,6],"5":[1,5],"6":[1,2],"7":[3,3],"8":[1,0],"9":[0,2],"10":[1,1],"11":[1,0],"12":[1,1],"13":[0,1],"14":[0,2],"15":[1,1],"16":[0,1],"17":[0,1]},"_coverageSchema":"1a1c01bbd47fc00a2c39e90264f33305004495a9","hash":"1acc1ff5b338954bf45063e44b6a51edabd87a9d"}
}
