{"C:\\Users\\alana\\OneDrive\\Desktop\\PROYECTO_FINAL_ING_SOFT\\server.js": {"path":"C:\\Users\\alana\\OneDrive\\Desktop\\PROYECTO_FINAL_ING_SOFT\\server.js","statementMap":{"0":{"start":{"line":1,"column":16},"end":{"line":1,"column":34}},"1":{"start":{"line":2,"column":13},"end":{"line":2,"column":28}},"2":{"start":{"line":3,"column":14},"end":{"line":3,"column":39}},"3":{"start":{"line":4,"column":15},"end":{"line":4,"column":34}},"4":{"start":{"line":5,"column":12},"end":{"line":5,"column":35}},"5":{"start":{"line":6,"column":13},"end":{"line":6,"column":28}},"6":{"start":{"line":7,"column":0},"end":{"line":7,"column":27}},"7":{"start":{"line":9,"column":12},"end":{"line":9,"column":21}},"8":{"start":{"line":10,"column":13},"end":{"line":10,"column":37}},"9":{"start":{"line":12,"column":0},"end":{"line":12,"column":16}},"10":{"start":{"line":13,"column":0},"end":{"line":13,"column":24}},"11":{"start":{"line":16,"column":0},"end":{"line":24,"column":4}},"12":{"start":{"line":20,"column":8},"end":{"line":20,"column":81}},"13":{"start":{"line":21,"column":8},"end":{"line":21,"column":33}},"14":{"start":{"line":22,"column":8},"end":{"line":22,"column":38}},"15":{"start":{"line":26,"column":17},"end":{"line":33,"column":1}},"16":{"start":{"line":34,"column":13},"end":{"line":34,"column":39}},"17":{"start":{"line":36,"column":26},"end":{"line":45,"column":1}},"18":{"start":{"line":37,"column":23},"end":{"line":37,"column":51}},"19":{"start":{"line":38,"column":18},"end":{"line":38,"column":56}},"20":{"start":{"line":39,"column":4},"end":{"line":39,"column":75}},"21":{"start":{"line":39,"column":16},"end":{"line":39,"column":75}},"22":{"start":{"line":40,"column":4},"end":{"line":44,"column":7}},"23":{"start":{"line":41,"column":8},"end":{"line":41,"column":75}},"24":{"start":{"line":41,"column":17},"end":{"line":41,"column":75}},"25":{"start":{"line":42,"column":8},"end":{"line":42,"column":24}},"26":{"start":{"line":43,"column":8},"end":{"line":43,"column":15}},"27":{"start":{"line":47,"column":0},"end":{"line":58,"column":3}},"28":{"start":{"line":48,"column":4},"end":{"line":57,"column":5}},"29":{"start":{"line":49,"column":39},"end":{"line":49,"column":47}},"30":{"start":{"line":50,"column":8},"end":{"line":50,"column":92}},"31":{"start":{"line":50,"column":36},"end":{"line":50,"column":92}},"32":{"start":{"line":51,"column":31},"end":{"line":51,"column":62}},"33":{"start":{"line":52,"column":8},"end":{"line":52,"column":111}},"34":{"start":{"line":53,"column":8},"end":{"line":53,"column":78}},"35":{"start":{"line":55,"column":8},"end":{"line":55,"column":122}},"36":{"start":{"line":55,"column":43},"end":{"line":55,"column":122}},"37":{"start":{"line":56,"column":8},"end":{"line":56,"column":58}},"38":{"start":{"line":60,"column":0},"end":{"line":72,"column":3}},"39":{"start":{"line":61,"column":4},"end":{"line":71,"column":5}},"40":{"start":{"line":62,"column":39},"end":{"line":62,"column":47}},"41":{"start":{"line":63,"column":23},"end":{"line":63,"column":95}},"42":{"start":{"line":64,"column":8},"end":{"line":64,"column":96}},"43":{"start":{"line":64,"column":31},"end":{"line":64,"column":96}},"44":{"start":{"line":65,"column":30},"end":{"line":65,"column":78}},"45":{"start":{"line":66,"column":8},"end":{"line":66,"column":93}},"46":{"start":{"line":66,"column":28},"end":{"line":66,"column":93}},"47":{"start":{"line":67,"column":22},"end":{"line":67,"column":190}},"48":{"start":{"line":68,"column":8},"end":{"line":68,"column":75}},"49":{"start":{"line":70,"column":8},"end":{"line":70,"column":58}},"50":{"start":{"line":74,"column":0},"end":{"line":84,"column":3}},"51":{"start":{"line":75,"column":4},"end":{"line":83,"column":5}},"52":{"start":{"line":76,"column":26},"end":{"line":76,"column":34}},"53":{"start":{"line":77,"column":28},"end":{"line":77,"column":50}},"54":{"start":{"line":78,"column":8},"end":{"line":78,"column":102}},"55":{"start":{"line":79,"column":8},"end":{"line":79,"column":106}},"56":{"start":{"line":80,"column":8},"end":{"line":80,"column":68}},"57":{"start":{"line":82,"column":8},"end":{"line":82,"column":58}},"58":{"start":{"line":86,"column":0},"end":{"line":94,"column":3}},"59":{"start":{"line":87,"column":4},"end":{"line":93,"column":5}},"60":{"start":{"line":88,"column":23},"end":{"line":88,"column":133}},"61":{"start":{"line":89,"column":8},"end":{"line":89,"column":87}},"62":{"start":{"line":89,"column":31},"end":{"line":89,"column":87}},"63":{"start":{"line":90,"column":8},"end":{"line":90,"column":38}},"64":{"start":{"line":92,"column":8},"end":{"line":92,"column":63}},"65":{"start":{"line":96,"column":0},"end":{"line":115,"column":3}},"66":{"start":{"line":97,"column":4},"end":{"line":114,"column":5}},"67":{"start":{"line":98,"column":36},"end":{"line":98,"column":44}},"68":{"start":{"line":99,"column":23},"end":{"line":99,"column":34}},"69":{"start":{"line":100,"column":23},"end":{"line":100,"column":104}},"70":{"start":{"line":101,"column":21},"end":{"line":101,"column":28}},"71":{"start":{"line":103,"column":27},"end":{"line":103,"column":54}},"72":{"start":{"line":104,"column":8},"end":{"line":104,"column":107}},"73":{"start":{"line":104,"column":44},"end":{"line":104,"column":107}},"74":{"start":{"line":105,"column":8},"end":{"line":105,"column":96}},"75":{"start":{"line":105,"column":31},"end":{"line":105,"column":96}},"76":{"start":{"line":107,"column":8},"end":{"line":107,"column":35}},"77":{"start":{"line":108,"column":8},"end":{"line":109,"column":61}},"78":{"start":{"line":111,"column":8},"end":{"line":111,"column":61}},"79":{"start":{"line":113,"column":8},"end":{"line":113,"column":65}},"80":{"start":{"line":117,"column":0},"end":{"line":128,"column":3}},"81":{"start":{"line":118,"column":4},"end":{"line":127,"column":5}},"82":{"start":{"line":119,"column":30},"end":{"line":119,"column":38}},"83":{"start":{"line":120,"column":23},"end":{"line":120,"column":102}},"84":{"start":{"line":121,"column":8},"end":{"line":121,"column":128}},"85":{"start":{"line":121,"column":65},"end":{"line":121,"column":128}},"86":{"start":{"line":123,"column":8},"end":{"line":123,"column":103}},"87":{"start":{"line":124,"column":8},"end":{"line":124,"column":60}},"88":{"start":{"line":126,"column":8},"end":{"line":126,"column":58}},"89":{"start":{"line":130,"column":0},"end":{"line":137,"column":3}},"90":{"start":{"line":131,"column":4},"end":{"line":136,"column":5}},"91":{"start":{"line":132,"column":23},"end":{"line":132,"column":148}},"92":{"start":{"line":133,"column":8},"end":{"line":133,"column":35}},"93":{"start":{"line":135,"column":8},"end":{"line":135,"column":50}},"94":{"start":{"line":139,"column":0},"end":{"line":141,"column":3}},"95":{"start":{"line":140,"column":4},"end":{"line":140,"column":63}},"96":{"start":{"line":143,"column":0},"end":{"line":145,"column":1}},"97":{"start":{"line":144,"column":4},"end":{"line":144,"column":98}},"98":{"start":{"line":144,"column":27},"end":{"line":144,"column":96}},"99":{"start":{"line":146,"column":0},"end":{"line":146,"column":21}}},"fnMap":{"0":{"name":"(anonymous_0)","decl":{"start":{"line":19,"column":16},"end":{"line":19,"column":17}},"loc":{"start":{"line":19,"column":31},"end":{"line":23,"column":5}},"line":19},"1":{"name":"(anonymous_1)","decl":{"start":{"line":36,"column":26},"end":{"line":36,"column":27}},"loc":{"start":{"line":36,"column":46},"end":{"line":45,"column":1}},"line":36},"2":{"name":"(anonymous_2)","decl":{"start":{"line":40,"column":79},"end":{"line":40,"column":80}},"loc":{"start":{"line":40,"column":94},"end":{"line":44,"column":5}},"line":40},"3":{"name":"(anonymous_3)","decl":{"start":{"line":47,"column":26},"end":{"line":47,"column":27}},"loc":{"start":{"line":47,"column":46},"end":{"line":58,"column":1}},"line":47},"4":{"name":"(anonymous_4)","decl":{"start":{"line":60,"column":23},"end":{"line":60,"column":24}},"loc":{"start":{"line":60,"column":43},"end":{"line":72,"column":1}},"line":60},"5":{"name":"(anonymous_5)","decl":{"start":{"line":74,"column":42},"end":{"line":74,"column":43}},"loc":{"start":{"line":74,"column":62},"end":{"line":84,"column":1}},"line":74},"6":{"name":"(anonymous_6)","decl":{"start":{"line":86,"column":38},"end":{"line":86,"column":39}},"loc":{"start":{"line":86,"column":58},"end":{"line":94,"column":1}},"line":86},"7":{"name":"(anonymous_7)","decl":{"start":{"line":96,"column":41},"end":{"line":96,"column":42}},"loc":{"start":{"line":96,"column":61},"end":{"line":115,"column":1}},"line":96},"8":{"name":"(anonymous_8)","decl":{"start":{"line":117,"column":42},"end":{"line":117,"column":43}},"loc":{"start":{"line":117,"column":62},"end":{"line":128,"column":1}},"line":117},"9":{"name":"(anonymous_9)","decl":{"start":{"line":130,"column":28},"end":{"line":130,"column":29}},"loc":{"start":{"line":130,"column":48},"end":{"line":137,"column":1}},"line":130},"10":{"name":"(anonymous_10)","decl":{"start":{"line":139,"column":14},"end":{"line":139,"column":15}},"loc":{"start":{"line":139,"column":28},"end":{"line":141,"column":1}},"line":139},"11":{"name":"(anonymous_11)","decl":{"start":{"line":144,"column":21},"end":{"line":144,"column":22}},"loc":{"start":{"line":144,"column":27},"end":{"line":144,"column":96}},"line":144}},"branchMap":{"0":{"loc":{"start":{"line":10,"column":13},"end":{"line":10,"column":37}},"type":"binary-expr","locations":[{"start":{"line":10,"column":13},"end":{"line":10,"column":29}},{"start":{"line":10,"column":33},"end":{"line":10,"column":37}}],"line":10},"1":{"loc":{"start":{"line":28,"column":10},"end":{"line":28,"column":37}},"type":"binary-expr","locations":[{"start":{"line":28,"column":10},"end":{"line":28,"column":29}},{"start":{"line":28,"column":33},"end":{"line":28,"column":37}}],"line":28},"2":{"loc":{"start":{"line":38,"column":18},"end":{"line":38,"column":56}},"type":"binary-expr","locations":[{"start":{"line":38,"column":18},"end":{"line":38,"column":28}},{"start":{"line":38,"column":32},"end":{"line":38,"column":56}}],"line":38},"3":{"loc":{"start":{"line":39,"column":4},"end":{"line":39,"column":75}},"type":"if","locations":[{"start":{"line":39,"column":4},"end":{"line":39,"column":75}},{"start":{},"end":{}}],"line":39},"4":{"loc":{"start":{"line":40,"column":22},"end":{"line":40,"column":77}},"type":"binary-expr","locations":[{"start":{"line":40,"column":22},"end":{"line":40,"column":44}},{"start":{"line":40,"column":48},"end":{"line":40,"column":77}}],"line":40},"5":{"loc":{"start":{"line":41,"column":8},"end":{"line":41,"column":75}},"type":"if","locations":[{"start":{"line":41,"column":8},"end":{"line":41,"column":75}},{"start":{},"end":{}}],"line":41},"6":{"loc":{"start":{"line":50,"column":8},"end":{"line":50,"column":92}},"type":"if","locations":[{"start":{"line":50,"column":8},"end":{"line":50,"column":92}},{"start":{},"end":{}}],"line":50},"7":{"loc":{"start":{"line":50,"column":12},"end":{"line":50,"column":34}},"type":"binary-expr","locations":[{"start":{"line":50,"column":12},"end":{"line":50,"column":21}},{"start":{"line":50,"column":25},"end":{"line":50,"column":34}}],"line":50},"8":{"loc":{"start":{"line":55,"column":8},"end":{"line":55,"column":122}},"type":"if","locations":[{"start":{"line":55,"column":8},"end":{"line":55,"column":122}},{"start":{},"end":{}}],"line":55},"9":{"loc":{"start":{"line":64,"column":8},"end":{"line":64,"column":96}},"type":"if","locations":[{"start":{"line":64,"column":8},"end":{"line":64,"column":96}},{"start":{},"end":{}}],"line":64},"10":{"loc":{"start":{"line":66,"column":8},"end":{"line":66,"column":93}},"type":"if","locations":[{"start":{"line":66,"column":8},"end":{"line":66,"column":93}},{"start":{},"end":{}}],"line":66},"11":{"loc":{"start":{"line":67,"column":83},"end":{"line":67,"column":108}},"type":"binary-expr","locations":[{"start":{"line":67,"column":83},"end":{"line":67,"column":95}},{"start":{"line":67,"column":99},"end":{"line":67,"column":108}}],"line":67},"12":{"loc":{"start":{"line":67,"column":112},"end":{"line":67,"column":167}},"type":"binary-expr","locations":[{"start":{"line":67,"column":112},"end":{"line":67,"column":134}},{"start":{"line":67,"column":138},"end":{"line":67,"column":167}}],"line":67},"13":{"loc":{"start":{"line":89,"column":8},"end":{"line":89,"column":87}},"type":"if","locations":[{"start":{"line":89,"column":8},"end":{"line":89,"column":87}},{"start":{},"end":{}}],"line":89},"14":{"loc":{"start":{"line":104,"column":8},"end":{"line":104,"column":107}},"type":"if","locations":[{"start":{"line":104,"column":8},"end":{"line":104,"column":107}},{"start":{},"end":{}}],"line":104},"15":{"loc":{"start":{"line":105,"column":8},"end":{"line":105,"column":96}},"type":"if","locations":[{"start":{"line":105,"column":8},"end":{"line":105,"column":96}},{"start":{},"end":{}}],"line":105},"16":{"loc":{"start":{"line":121,"column":8},"end":{"line":121,"column":128}},"type":"if","locations":[{"start":{"line":121,"column":8},"end":{"line":121,"column":128}},{"start":{},"end":{}}],"line":121},"17":{"loc":{"start":{"line":143,"column":0},"end":{"line":145,"column":1}},"type":"if","locations":[{"start":{"line":143,"column":0},"end":{"line":145,"column":1}},{"start":{},"end":{}}],"line":143}},"s":{"0":1,"1":1,"2":1,"3":1,"4":1,"5":1,"6":1,"7":1,"8":1,"9":1,"10":1,"11":1,"12":0,"13":0,"14":0,"15":1,"16":1,"17":1,"18":7,"19":7,"20":7,"21":1,"22":6,"23":6,"24":1,"25":5,"26":5,"27":1,"28":3,"29":3,"30":3,"31":1,"32":2,"33":2,"34":1,"35":1,"36":1,"37":0,"38":1,"39":2,"40":2,"41":2,"42":2,"43":0,"44":2,"45":2,"46":1,"47":1,"48":1,"49":0,"50":1,"51":1,"52":1,"53":1,"54":1,"55":1,"56":1,"57":0,"58":1,"59":1,"60":1,"61":1,"62":0,"63":1,"64":0,"65":1,"66":2,"67":2,"68":2,"69":2,"70":2,"71":2,"72":2,"73":0,"74":2,"75":1,"76":1,"77":1,"78":1,"79":0,"80":1,"81":1,"82":1,"83":1,"84":1,"85":0,"86":1,"87":1,"88":0,"89":1,"90":1,"91":1,"92":1,"93":0,"94":1,"95":0,"96":1,"97":0,"98":0,"99":1},"f":{"0":0,"1":7,"2":6,"3":3,"4":2,"5":1,"6":1,"7":2,"8":1,"9":1,"10":0,"11":0},"b":{"0":[1,1],"1":[1,1],"2":[7,6],"3":[1,6],"4":[6,6],"5":[1,5],"6":[1,2],"7":[3,3],"8":[1,0],"9":[0,2],"10":[1,1],"11":[1,0],"12":[1,1],"13":[0,1],"14":[0,2],"15":[1,1],"16":[0,1],"17":[0,1]},"_coverageSchema":"1a1c01bbd47fc00a2c39e90264f33305004495a9","hash":"ee8f35380bb15d00f2f2b1cc46a0ff90693b33c6"}
}
