TN:
SF:server.js
FN:28,(anonymous_0)
FN:32,(anonymous_1)
FN:39,(anonymous_2)
FN:52,(anonymous_3)
FN:66,(anonymous_4)
FN:78,(anonymous_5)
FN:88,(anonymous_6)
FN:109,(anonymous_7)
FN:122,(anonymous_8)
FN:132,(anonymous_9)
FN:138,(anonymous_10)
FNF:11
FNH:9
FNDA:7,(anonymous_0)
FNDA:6,(anonymous_1)
FNDA:3,(anonymous_2)
FNDA:2,(anonymous_3)
FNDA:1,(anonymous_4)
FNDA:1,(anonymous_5)
FNDA:2,(anonymous_6)
FNDA:1,(anonymous_7)
FNDA:1,(anonymous_8)
FNDA:0,(anonymous_9)
FNDA:0,(anonymous_10)
DA:1,1
DA:2,1
DA:3,1
DA:4,1
DA:5,1
DA:6,1
DA:7,1
DA:9,1
DA:10,1
DA:12,1
DA:13,1
DA:16,1
DA:18,1
DA:26,1
DA:28,1
DA:29,7
DA:30,7
DA:31,7
DA:32,6
DA:33,6
DA:34,5
DA:35,5
DA:39,1
DA:40,3
DA:41,3
DA:42,3
DA:43,2
DA:44,2
DA:45,1
DA:47,1
DA:48,0
DA:52,1
DA:53,2
DA:54,2
DA:55,2
DA:56,2
DA:57,2
DA:58,2
DA:59,1
DA:60,1
DA:62,0
DA:66,1
DA:67,1
DA:68,1
DA:69,1
DA:70,1
DA:71,1
DA:72,1
DA:74,0
DA:78,1
DA:79,1
DA:80,1
DA:81,1
DA:82,1
DA:84,0
DA:88,1
DA:89,2
DA:90,2
DA:91,2
DA:92,2
DA:93,2
DA:95,2
DA:96,2
DA:97,2
DA:99,1
DA:100,1
DA:103,1
DA:105,0
DA:109,1
DA:110,1
DA:111,1
DA:112,1
DA:113,1
DA:115,1
DA:116,1
DA:118,0
DA:122,1
DA:123,1
DA:124,1
DA:125,1
DA:127,0
DA:132,1
DA:133,0
DA:137,1
DA:138,0
DA:140,1
LF:86
LH:77
BRDA:10,0,0,1
BRDA:10,0,1,1
BRDA:20,1,0,1
BRDA:20,1,1,1
BRDA:30,2,0,7
BRDA:30,2,1,6
BRDA:31,3,0,1
BRDA:31,3,1,6
BRDA:32,4,0,6
BRDA:32,4,1,6
BRDA:33,5,0,1
BRDA:33,5,1,5
BRDA:42,6,0,1
BRDA:42,6,1,2
BRDA:42,7,0,3
BRDA:42,7,1,3
BRDA:47,8,0,1
BRDA:47,8,1,0
BRDA:56,9,0,0
BRDA:56,9,1,2
BRDA:58,10,0,1
BRDA:58,10,1,1
BRDA:59,11,0,1
BRDA:59,11,1,0
BRDA:59,12,0,1
BRDA:59,12,1,1
BRDA:81,13,0,0
BRDA:81,13,1,1
BRDA:96,14,0,0
BRDA:96,14,1,2
BRDA:97,15,0,1
BRDA:97,15,1,1
BRDA:113,16,0,0
BRDA:113,16,1,1
BRDA:137,17,0,0
BRDA:137,17,1,1
BRF:36
BRH:29
end_of_record
