TN:
SF:server.js
FN:19,(anonymous_0)
FN:36,(anonymous_1)
FN:40,(anonymous_2)
FN:47,(anonymous_3)
FN:60,(anonymous_4)
FN:74,(anonymous_5)
FN:86,(anonymous_6)
FN:96,(anonymous_7)
FN:117,(anonymous_8)
FN:130,(anonymous_9)
FN:139,(anonymous_10)
FN:144,(anonymous_11)
FNF:12
FNH:9
FNDA:0,(anonymous_0)
FNDA:7,(anonymous_1)
FNDA:6,(anonymous_2)
FNDA:3,(anonymous_3)
FNDA:2,(anonymous_4)
FNDA:1,(anonymous_5)
FNDA:1,(anonymous_6)
FNDA:2,(anonymous_7)
FNDA:1,(anonymous_8)
FNDA:1,(anonymous_9)
FNDA:0,(anonymous_10)
FNDA:0,(anonymous_11)
DA:1,1
DA:2,1
DA:3,1
DA:4,1
DA:5,1
DA:6,1
DA:7,1
DA:9,1
DA:10,1
DA:12,1
DA:13,1
DA:16,1
DA:20,0
DA:21,0
DA:22,0
DA:26,1
DA:34,1
DA:36,1
DA:37,7
DA:38,7
DA:39,7
DA:40,6
DA:41,6
DA:42,5
DA:43,5
DA:47,1
DA:48,3
DA:49,3
DA:50,3
DA:51,2
DA:52,2
DA:53,1
DA:55,1
DA:56,0
DA:60,1
DA:61,2
DA:62,2
DA:63,2
DA:64,2
DA:65,2
DA:66,2
DA:67,1
DA:68,1
DA:70,0
DA:74,1
DA:75,1
DA:76,1
DA:77,1
DA:78,1
DA:79,1
DA:80,1
DA:82,0
DA:86,1
DA:87,1
DA:88,1
DA:89,1
DA:90,1
DA:92,0
DA:96,1
DA:97,2
DA:98,2
DA:99,2
DA:100,2
DA:101,2
DA:103,2
DA:104,2
DA:105,2
DA:107,1
DA:108,1
DA:111,1
DA:113,0
DA:117,1
DA:118,1
DA:119,1
DA:120,1
DA:121,1
DA:123,1
DA:124,1
DA:126,0
DA:130,1
DA:131,1
DA:132,1
DA:133,1
DA:135,0
DA:139,1
DA:140,0
DA:143,1
DA:144,0
DA:146,1
LF:89
LH:77
BRDA:10,0,0,1
BRDA:10,0,1,1
BRDA:28,1,0,1
BRDA:28,1,1,1
BRDA:38,2,0,7
BRDA:38,2,1,6
BRDA:39,3,0,1
BRDA:39,3,1,6
BRDA:40,4,0,6
BRDA:40,4,1,6
BRDA:41,5,0,1
BRDA:41,5,1,5
BRDA:50,6,0,1
BRDA:50,6,1,2
BRDA:50,7,0,3
BRDA:50,7,1,3
BRDA:55,8,0,1
BRDA:55,8,1,0
BRDA:64,9,0,0
BRDA:64,9,1,2
BRDA:66,10,0,1
BRDA:66,10,1,1
BRDA:67,11,0,1
BRDA:67,11,1,0
BRDA:67,12,0,1
BRDA:67,12,1,1
BRDA:89,13,0,0
BRDA:89,13,1,1
BRDA:104,14,0,0
BRDA:104,14,1,2
BRDA:105,15,0,1
BRDA:105,15,1,1
BRDA:121,16,0,0
BRDA:121,16,1,1
BRDA:143,17,0,0
BRDA:143,17,1,1
BRF:36
BRH:29
end_of_record
